<?xml version="1.0" encoding="UTF-8"?>
<!-- Generated by org.testng.reporters.JUnitXMLReporter -->
<testsuite hostname="DESKTOP-UFM26QR" ignored="0" name="FirstTest" tests="4" failures="0" timestamp="2021-09-09T21:10:42 ICT" time="0.094" errors="0">
  <testcase name="firstTest" time="0.011" classname="firstpackage.FirstClass"/>
  <testcase name="secondTest" time="0.002" classname="firstpackage.FirstClass"/>
  <testcase name="firstTest" time="0.001" classname="firstpackage.SecondClass"/>
  <testcase name="secondTest" time="0.003" classname="firstpackage.SecondClass"/>
</testsuite> <!-- FirstTest -->
