<?xml version="1.0" encoding="UTF-8"?>
<testng-results skipped="0" failed="0" ignored="0" total="1" passed="1">
  <reporter-output>
  </reporter-output>
  <suite name="Default suite" duration-ms="13128" started-at="2021-09-09T00:26:22 ICT" finished-at="2021-09-09T00:26:35 ICT">
    <groups>
    </groups>
    <test name="Default test" duration-ms="13128" started-at="2021-09-09T00:26:22 ICT" finished-at="2021-09-09T00:26:35 ICT">
      <class name="firstTestNGProject.AutomationTestNG">
        <test-method status="PASS" signature="verifyHomepageTitle()[pri:0, instance:firstTestNGProject.AutomationTestNG@7494e528]" name="verifyHomepageTitle" duration-ms="13068" started-at="2021-09-09T00:26:22 ICT" finished-at="2021-09-09T00:26:35 ICT">
          <reporter-output>
          </reporter-output>
        </test-method> <!-- verifyHomepageTitle -->
      </class> <!-- firstTestNGProject.AutomationTestNG -->
    </test> <!-- Default test -->
  </suite> <!-- Default suite -->
</testng-results>
