<?xml version="1.0" encoding="UTF-8"?>
<testng-results skipped="0" failed="0" ignored="0" total="4" passed="4">
  <reporter-output>
  </reporter-output>
  <suite name="Suite" duration-ms="94" started-at="2021-09-09T21:10:42 ICT" finished-at="2021-09-09T21:10:42 ICT">
    <groups>
    </groups>
    <test name="FirstTest" duration-ms="94" started-at="2021-09-09T21:10:42 ICT" finished-at="2021-09-09T21:10:42 ICT">
      <class name="firstpackage.FirstClass">
        <test-method status="PASS" signature="firstTest()[pri:0, instance:firstpackage.FirstClass@3a883ce7]" name="firstTest" duration-ms="11" started-at="2021-09-09T21:10:42 ICT" finished-at="2021-09-09T21:10:42 ICT">
          <reporter-output>
          </reporter-output>
        </test-method> <!-- firstTest -->
        <test-method status="PASS" signature="secondTest()[pri:0, instance:firstpackage.FirstClass@3a883ce7]" name="secondTest" duration-ms="2" started-at="2021-09-09T21:10:42 ICT" finished-at="2021-09-09T21:10:42 ICT">
          <reporter-output>
          </reporter-output>
        </test-method> <!-- secondTest -->
      </class> <!-- firstpackage.FirstClass -->
      <class name="firstpackage.SecondClass">
        <test-method status="PASS" signature="firstTest()[pri:0, instance:firstpackage.SecondClass@30b8a058]" name="firstTest" duration-ms="1" started-at="2021-09-09T21:10:42 ICT" finished-at="2021-09-09T21:10:42 ICT">
          <reporter-output>
          </reporter-output>
        </test-method> <!-- firstTest -->
        <test-method status="PASS" signature="secondTest()[pri:0, instance:firstpackage.SecondClass@30b8a058]" name="secondTest" duration-ms="3" started-at="2021-09-09T21:10:42 ICT" finished-at="2021-09-09T21:10:42 ICT">
          <reporter-output>
          </reporter-output>
        </test-method> <!-- secondTest -->
      </class> <!-- firstpackage.SecondClass -->
    </test> <!-- FirstTest -->
  </suite> <!-- Suite -->
</testng-results>
